0 info it worked if it ends with ok
1 verbose cli [ 'D:\\Program Files\\nodejs\\\\node.exe',
1 verbose cli   'D:\\Program Files\\nodejs\\node_modules\\npm\\bin\\npm-cli.js',
1 verbose cli   'install',
1 verbose cli   'karma' ]
2 info using npm@1.3.14
3 info using node@v0.10.22
4 verbose node symlink D:\Program Files\nodejs\\node.exe
5 verbose readDependencies using package.json deps
6 verbose cache add [ 'karma', null ]
7 verbose cache add name=undefined spec="karma" args=["karma",null]
8 verbose parsed url { protocol: null,
8 verbose parsed url   slashes: null,
8 verbose parsed url   auth: null,
8 verbose parsed url   host: null,
8 verbose parsed url   port: null,
8 verbose parsed url   hostname: null,
8 verbose parsed url   hash: null,
8 verbose parsed url   search: null,
8 verbose parsed url   query: null,
8 verbose parsed url   pathname: 'karma',
8 verbose parsed url   path: 'karma',
8 verbose parsed url   href: 'karma' }
9 silly lockFile 512423cb-karma karma
10 verbose lock karma C:\Users\pushpendra.paliwal\AppData\Roaming\npm-cache\512423cb-karma.lock
11 silly lockFile 512423cb-karma karma
12 silly lockFile 512423cb-karma karma
13 verbose addNamed [ 'karma', '' ]
14 verbose addNamed [ null, '*' ]
15 silly lockFile cd7961bb-karma karma@
16 verbose lock karma@ C:\Users\pushpendra.paliwal\AppData\Roaming\npm-cache\cd7961bb-karma.lock
17 silly addNameRange { name: 'karma', range: '*', hasData: false }
18 verbose url raw karma
19 verbose url resolving [ 'https://registry.npmjs.org/', './karma' ]
20 verbose url resolved https://registry.npmjs.org/karma
21 info trying registry request attempt 1 at 12:41:03
22 http GET https://registry.npmjs.org/karma
23 info retry will retry, error on last attempt: Error: connect ECONNREFUSED
24 info trying registry request attempt 2 at 12:41:36
25 http GET https://registry.npmjs.org/karma
26 info retry will retry, error on last attempt: Error: connect ECONNREFUSED
27 info trying registry request attempt 3 at 12:42:57
28 http GET https://registry.npmjs.org/karma
29 silly lockFile cd7961bb-karma karma@
30 silly lockFile cd7961bb-karma karma@
31 error Error: connect ECONNREFUSED
31 error     at errnoException (net.js:901:11)
31 error     at Object.afterConnect [as oncomplete] (net.js:892:19)
31 error  { [Error: connect ECONNREFUSED]
31 error   code: 'ECONNREFUSED',
31 error   errno: 'ECONNREFUSED',
31 error   syscall: 'connect' }
32 error If you are behind a proxy, please make sure that the
32 error 'proxy' config is set properly.  See: 'npm help config'
33 error System Windows_NT 6.1.7601
34 error command "D:\\Program Files\\nodejs\\\\node.exe" "D:\\Program Files\\nodejs\\node_modules\\npm\\bin\\npm-cli.js" "install" "karma"
35 error cwd X:\GIT\angular-seed
36 error node -v v0.10.22
37 error npm -v 1.3.14
38 error syscall connect
39 error code ECONNREFUSED
40 error errno ECONNREFUSED
41 error stack Error: connect ECONNREFUSED
41 error stack     at errnoException (net.js:901:11)
41 error stack     at Object.afterConnect [as oncomplete] (net.js:892:19)
42 verbose exit [ 1, true ]
